<?xml version="1.0" encoding="UTF-8"?>
<!-- Generated by org.testng.reporters.JUnitXMLReporter -->
<testsuite ignored="5" hostname="DESKTOP-IMF1TRO" failures="0" tests="1" name="Test" time="0.085" errors="0" timestamp="2023-02-24T12:36:30 IST">
  <testcase classname="TestNGpkg.Testinggrouping" name="test1" time="0.014"/>
  <testcase classname="TestNGpkg.Testinggrouping" name="test3" time="0.0">
    <ignored/>
  </testcase> <!-- test3 -->
  <testcase classname="TestNGpkg.Testngdemo" name="test1" time="0.0">
    <ignored/>
  </testcase> <!-- test1 -->
  <testcase classname="TestNGpkg.Testinggrouping" name="test2" time="0.0">
    <ignored/>
  </testcase> <!-- test2 -->
  <testcase classname="TestNGpkg.Testngdemo" name="test2" time="0.0">
    <ignored/>
  </testcase> <!-- test2 -->
  <testcase classname="TestNGpkg.Testngdemo" name="test3" time="0.0">
    <ignored/>
  </testcase> <!-- test3 -->
</testsuite> <!-- Test -->
